[2024-01-12 14:06:25,302] INFO     | level    | 
[2024-01-12 14:06:25,302] INFO     | level    | Play level Shibayan - Shock!! (SSH Arrangement)
[2024-01-12 14:06:25,508] INFO     | level    | Data loaded
[2024-01-12 14:06:25,510] INFO     | level    | Starting level
[2024-01-12 14:06:25,510] INFO     | level    | Total notes: 745
[2024-01-12 14:06:26,018] INFO     | level    | Hit! 1 Note Type: 1
[2024-01-12 14:06:26,252] INFO     | level    | Hit! 1 Note Type: 1
[2024-01-12 14:06:27,664] INFO     | level    | Hit! 4 Note Type: 5
[2024-01-12 14:06:28,127] INFO     | level    | Hit! 3 Note Type: 1
[2024-01-12 14:06:29,531] INFO     | level    | Hit! 4 Note Type: 5
[2024-01-12 14:06:31,358] INFO     | level    | Hit! 4 Note Type: 5
[2024-01-12 14:06:31,786] INFO     | level    | Hit! 3 Note Type: 1
[2024-01-12 14:06:32,715] INFO     | level    | Hit! 0 Note Type: 5
[2024-01-12 14:06:32,847] INFO     | level    | Hit! 3 Note Type: 1
[2024-01-12 14:06:32,995] INFO     | level    | Hit! 1 Note Type: 1
[2024-01-12 14:06:33,146] INFO     | level    | Hit! 0 Note Type: 1
[2024-01-12 14:06:33,243] INFO     | level    | Hit! 3 Note Type: 2
[2024-01-12 14:06:33,442] INFO     | level    | Hit! 4 Note Type: 1
[2024-01-12 14:06:33,524] INFO     | level    | Hit! 4 Note Type: 1
[2024-01-12 14:06:33,639] INFO     | level    | Hit! 4 Note Type: 6
[2024-01-12 14:06:34,158] INFO     | level    | Hit! 0 Note Type: 2
[2024-01-12 14:06:34,484] INFO     | level    | Hit! 2 Note Type: 2
[2024-01-12 14:06:34,813] INFO     | level    | Hit! 4 Note Type: 2
[2024-01-12 14:06:35,022] INFO     | level    | Hit! 3 Note Type: 2
[2024-01-12 14:06:35,325] INFO     | level    | Hit! 2 Note Type: 2
[2024-01-12 14:06:35,557] INFO     | level    | Hit! 1 Note Type: 6
[2024-01-12 14:06:35,851] INFO     | level    | Hit! 1 Note Type: 1
[2024-01-12 14:06:36,018] INFO     | level    | Hit! 2 Note Type: 2
[2024-01-12 14:06:36,326] INFO     | level    | Hit! 1 Note Type: 2
[2024-01-12 14:06:36,637] INFO     | level    | Hit! 3 Note Type: 2
[2024-01-12 14:06:36,906] INFO     | level    | Hit! 1 Note Type: 2
[2024-01-12 14:06:37,157] INFO     | level    | Hit! 0 Note Type: 2
[2024-01-12 14:06:37,386] INFO     | level    | Hit! 1 Note Type: 6
[2024-01-12 14:06:37,650] INFO     | level    | Hit! 4 Note Type: 2
[2024-01-12 14:06:37,880] INFO     | level    | Hit! 2 Note Type: 2
[2024-01-12 14:06:38,160] INFO     | level    | Hit! 3 Note Type: 2
[2024-01-12 14:06:38,535] INFO     | level    | Hit! 1 Note Type: 2
[2024-01-12 14:06:38,733] INFO     | level    | Hit! 3 Note Type: 2
[2024-01-12 14:06:38,947] INFO     | level    | Hit! 3 Note Type: 2
[2024-01-12 14:06:39,173] INFO     | level    | Hit! 3 Note Type: 6
[2024-01-12 14:06:39,441] INFO     | level    | Hit! 0 Note Type: 2
[2024-01-12 14:06:39,708] INFO     | level    | Hit! 1 Note Type: 2
[2024-01-12 14:06:39,987] INFO     | level    | Hit! 1 Note Type: 2
[2024-01-12 14:06:40,330] INFO     | level    | Hit! 2 Note Type: 2
[2024-01-12 14:06:40,607] INFO     | level    | Hit! 0 Note Type: 2
[2024-01-12 14:06:40,807] INFO     | level    | Hit! 1 Note Type: 1
[2024-01-12 14:06:40,990] INFO     | level    | Hit! 1 Note Type: 1
[2024-01-12 14:06:41,089] INFO     | level    | Hit! 2 Note Type: 6
[2024-01-12 14:06:41,252] INFO     | level    | Hit! 0 Note Type: 2
[2024-01-12 14:06:41,890] INFO     | level    | Hit! 1 Note Type: 2
[2024-01-12 14:06:42,199] INFO     | level    | Hit! 1 Note Type: 2
[2024-01-12 14:06:42,448] INFO     | level    | Hit! 2 Note Type: 2
[2024-01-12 14:06:42,697] INFO     | level    | Hit! 3 Note Type: 2
[2024-01-12 14:06:42,897] INFO     | level    | Hit! 4 Note Type: 6
[2024-01-12 14:06:43,206] INFO     | level    | Hit! 4 Note Type: 1
[2024-01-12 14:06:43,679] INFO     | level    | Hit! 3 Note Type: 2
[2024-01-12 14:06:44,024] INFO     | level    | Hit! 1 Note Type: 2
[2024-01-12 14:06:44,274] INFO     | level    | Hit! 1 Note Type: 2
[2024-01-12 14:06:44,524] INFO     | level    | Hit! 2 Note Type: 2
[2024-01-12 14:06:44,771] INFO     | level    | Hit! 2 Note Type: 6
[2024-01-12 14:06:44,984] INFO     | level    | Hit! 2 Note Type: 2
[2024-01-12 14:06:45,209] INFO     | level    | Hit! 1 Note Type: 2
[2024-01-12 14:06:45,608] INFO     | level    | Hit! 0 Note Type: 2
[2024-01-12 14:06:45,869] INFO     | level    | Hit! 0 Note Type: 2
[2024-01-12 14:06:46,103] INFO     | level    | Hit! 3 Note Type: 2
[2024-01-12 14:06:46,335] INFO     | level    | Hit! 3 Note Type: 2
[2024-01-12 14:06:46,596] INFO     | level    | Hit! 2 Note Type: 6
[2024-01-12 14:06:46,876] INFO     | level    | Hit! 4 Note Type: 2
[2024-01-12 14:06:47,040] INFO     | level    | Hit! 3 Note Type: 1
[2024-01-12 14:06:47,223] INFO     | level    | Hit! 4 Note Type: 2
[2024-01-12 14:06:47,484] INFO     | level    | Hit! 0 Note Type: 5
[2024-01-12 14:06:47,685] INFO     | level    | Hit! 2 Note Type: 1
[2024-01-12 14:06:47,998] INFO     | level    | Hit! 3 Note Type: 1
[2024-01-12 14:06:48,130] INFO     | level    | Hit! 0 Note Type: 1
[2024-01-12 14:06:48,646] INFO     | level    | Hit! 3 Note Type: 2
[2024-01-12 14:06:48,876] INFO     | level    | Hit! 2 Note Type: 1
[2024-01-12 14:06:49,008] INFO     | level    | Hit! 4 Note Type: 2
[2024-01-12 14:06:49,218] INFO     | level    | Hit! 1 Note Type: 2
[2024-01-12 14:06:49,564] INFO     | level    | Hit! 3 Note Type: 2
[2024-01-12 14:06:49,795] INFO     | level    | Hit! 2 Note Type: 1
[2024-01-12 14:06:49,896] INFO     | level    | Hit! 0 Note Type: 2
[2024-01-12 14:06:50,306] INFO     | level    | Hit! 2 Note Type: 6
[2024-01-12 14:06:50,535] INFO     | level    | Hit! 2 Note Type: 2
[2024-01-12 14:06:50,714] INFO     | level    | Hit! 2 Note Type: 1
[2024-01-12 14:06:50,863] INFO     | level    | Hit! 0 Note Type: 2
[2024-01-12 14:06:51,073] INFO     | level    | Hit! 1 Note Type: 2
[2024-01-12 14:06:51,408] INFO     | level    | Hit! 4 Note Type: 2
[2024-01-12 14:06:51,679] INFO     | level    | Hit! 0 Note Type: 1
[2024-01-12 14:06:51,776] INFO     | level    | Hit! 1 Note Type: 2
[2024-01-12 14:06:52,093] INFO     | level    | Hit! 0 Note Type: 6
[2024-01-12 14:06:52,325] INFO     | level    | Hit! 1 Note Type: 2
[2024-01-12 14:06:52,569] INFO     | level    | Hit! 3 Note Type: 1
[2024-01-12 14:06:52,733] INFO     | level    | Hit! 3 Note Type: 2
[2024-01-12 14:06:52,927] INFO     | level    | Hit! 1 Note Type: 2
[2024-01-12 14:06:53,258] INFO     | level    | Hit! 4 Note Type: 2
[2024-01-12 14:06:53,485] INFO     | level    | Hit! 4 Note Type: 1
[2024-01-12 14:06:53,633] INFO     | level    | Hit! 4 Note Type: 2
[2024-01-12 14:06:53,942] INFO     | level    | Hit! 0 Note Type: 6
[2024-01-12 14:06:54,174] INFO     | level    | Hit! 2 Note Type: 2
[2024-01-12 14:06:54,422] INFO     | level    | Hit! 0 Note Type: 1
[2024-01-12 14:06:54,554] INFO     | level    | Hit! 4 Note Type: 2
[2024-01-12 14:06:54,768] INFO     | level    | Hit! 2 Note Type: 2
[2024-01-12 14:06:55,102] INFO     | level    | Hit! 2 Note Type: 2
[2024-01-12 14:06:55,365] INFO     | level    | Hit! 1 Note Type: 1
[2024-01-12 14:06:55,481] INFO     | level    | Hit! 4 Note Type: 2
[2024-01-12 14:06:55,793] INFO     | level    | Hit! 1 Note Type: 6
[2024-01-12 14:06:56,041] INFO     | level    | Hit! 3 Note Type: 2
[2024-01-12 14:06:56,250] INFO     | level    | Hit! 2 Note Type: 1
[2024-01-12 14:06:56,400] INFO     | level    | Hit! 2 Note Type: 2
[2024-01-12 14:06:56,664] INFO     | level    | Hit! 2 Note Type: 2
[2024-01-12 14:06:56,980] INFO     | level    | Hit! 2 Note Type: 2
[2024-01-12 14:06:57,191] INFO     | level    | Hit! 4 Note Type: 1
[2024-01-12 14:06:57,324] INFO     | level    | Hit! 3 Note Type: 2
[2024-01-12 14:06:57,669] INFO     | level    | Hit! 4 Note Type: 6
[2024-01-12 14:06:57,946] INFO     | level    | Hit! 0 Note Type: 2
[2024-01-12 14:06:58,093] INFO     | level    | Hit! 3 Note Type: 1
[2024-01-12 14:06:58,271] INFO     | level    | Hit! 3 Note Type: 2
[2024-01-12 14:06:58,830] INFO     | level    | Hit! 3 Note Type: 2
[2024-01-12 14:06:59,041] INFO     | level    | Hit! 1 Note Type: 1
[2024-01-12 14:06:59,141] INFO     | level    | Hit! 1 Note Type: 2
[2024-01-12 14:06:59,474] INFO     | level    | Hit! 4 Note Type: 6
[2024-01-12 14:06:59,707] INFO     | level    | Hit! 2 Note Type: 2
[2024-01-12 14:06:59,975] INFO     | level    | Hit! 1 Note Type: 1
[2024-01-12 14:07:00,091] INFO     | level    | Hit! 2 Note Type: 2
[2024-01-12 14:07:00,306] INFO     | level    | Hit! 4 Note Type: 2
[2024-01-12 14:07:00,649] INFO     | level    | Hit! 1 Note Type: 2
[2024-01-12 14:07:00,916] INFO     | level    | Hit! 0 Note Type: 1
[2024-01-12 14:07:01,031] INFO     | level    | Hit! 4 Note Type: 2
[2024-01-12 14:07:01,358] INFO     | level    | Hit! 0 Note Type: 6
[2024-01-12 14:07:01,572] INFO     | level    | Hit! 3 Note Type: 2
[2024-01-12 14:07:01,784] INFO     | level    | Hit! 4 Note Type: 1
[2024-01-12 14:07:01,949] INFO     | level    | Hit! 4 Note Type: 2
[2024-01-12 14:07:02,325] INFO     | level    | Hit! 0 Note Type: 6
[2024-01-12 14:07:02,553] INFO     | level    | Hit! 1 Note Type: 1
[2024-01-12 14:07:02,638] INFO     | level    | Hit! 2 Note Type: 1
[2024-01-12 14:07:02,737] INFO     | level    | Hit! 4 Note Type: 1
[2024-01-12 14:07:02,867] INFO     | level    | Hit! 1 Note Type: 1
[2024-01-12 14:07:02,934] INFO     | level    | Hit! 3 Note Type: 1
[2024-01-12 14:07:03,130] INFO     | level    | Hit! 4 Note Type: 1
[2024-01-12 14:07:03,230] INFO     | level    | Hit! 0 Note Type: 6
[2024-01-12 14:07:03,525] INFO     | level    | Hit! 2 Note Type: 1
[2024-01-12 14:07:03,689] INFO     | level    | Hit! 3 Note Type: 2
[2024-01-12 14:07:03,875] INFO     | level    | Hit! 1 Note Type: 1
[2024-01-12 14:07:04,007] INFO     | level    | Hit! 2 Note Type: 6
[2024-01-12 14:07:04,324] INFO     | level    | Hit! 3 Note Type: 2
[2024-01-12 14:07:04,555] INFO     | level    | Hit! 4 Note Type: 1
[2024-01-12 14:07:04,752] INFO     | level    | Hit! 4 Note Type: 2
[2024-01-12 14:07:05,049] INFO     | level    | Hit! 4 Note Type: 6
[2024-01-12 14:07:05,359] INFO     | level    | Hit! 1 Note Type: 1
[2024-01-12 14:07:05,525] INFO     | level    | Hit! 1 Note Type: 2
[2024-01-12 14:07:05,707] INFO     | level    | Hit! 3 Note Type: 1
[2024-01-12 14:07:05,892] INFO     | level    | Hit! 3 Note Type: 6
[2024-01-12 14:07:06,172] INFO     | level    | Hit! 1 Note Type: 5
[2024-01-12 14:07:06,301] INFO     | level    | Hit! 1 Note Type: 1
[2024-01-12 14:07:06,630] INFO     | level    | Hit! 1 Note Type: 1
[2024-01-12 14:07:06,859] INFO     | level    | Hit! 3 Note Type: 6
[2024-01-12 14:07:07,207] INFO     | level    | Hit! 3 Note Type: 1
[2024-01-12 14:07:07,407] INFO     | level    | Hit! 3 Note Type: 2
[2024-01-12 14:07:07,637] INFO     | level    | Hit! 0 Note Type: 1
[2024-01-12 14:07:07,735] INFO     | level    | Hit! 3 Note Type: 6
[2024-01-12 14:07:08,030] INFO     | level    | Hit! 4 Note Type: 2
[2024-01-12 14:07:08,245] INFO     | level    | Hit! 4 Note Type: 1
[2024-01-12 14:07:08,360] INFO     | level    | Hit! 3 Note Type: 1
[2024-01-12 14:07:08,758] INFO     | level    | Hit! 3 Note Type: 6
[2024-01-12 14:07:09,058] INFO     | level    | Hit! 3 Note Type: 2
[2024-01-12 14:07:09,322] INFO     | level    | Hit! 1 Note Type: 2
[2024-01-12 14:07:09,520] INFO     | level    | Hit! 3 Note Type: 6
[2024-01-12 14:07:09,857] INFO     | level    | Hit! 3 Note Type: 2
[2024-01-12 14:07:10,167] INFO     | level    | Hit! 1 Note Type: 2
[2024-01-12 14:07:10,347] INFO     | level    | Hit! 2 Note Type: 1
[2024-01-12 14:07:10,561] INFO     | level    | Hit! 3 Note Type: 6
[2024-01-12 14:07:10,908] INFO     | level    | Hit! 4 Note Type: 1
[2024-01-12 14:07:11,072] INFO     | level    | Hit! 4 Note Type: 2
[2024-01-12 14:07:11,255] INFO     | level    | Hit! 3 Note Type: 1
[2024-01-12 14:07:11,422] INFO     | level    | Hit! 3 Note Type: 6
[2024-01-12 14:07:11,734] INFO     | level    | Hit! 1 Note Type: 2
[2024-01-12 14:07:12,014] INFO     | level    | Hit! 0 Note Type: 2
[2024-01-12 14:07:12,210] INFO     | level    | Hit! 1 Note Type: 1
[2024-01-12 14:07:12,456] INFO     | level    | Hit! 1 Note Type: 6
[2024-01-12 14:07:12,750] INFO     | level    | Hit! 3 Note Type: 1
[2024-01-12 14:07:12,902] INFO     | level    | Hit! 4 Note Type: 2
[2024-01-12 14:07:13,134] INFO     | level    | Hit! 4 Note Type: 1
[2024-01-12 14:07:13,216] INFO     | level    | Hit! 4 Note Type: 6
[2024-01-12 14:07:13,580] INFO     | level    | Hit! 1 Note Type: 2
[2024-01-12 14:07:13,807] INFO     | level    | Hit! 1 Note Type: 2
[2024-01-12 14:07:14,024] INFO     | level    | Hit! 1 Note Type: 1
[2024-01-12 14:07:14,257] INFO     | level    | Hit! 1 Note Type: 6
[2024-01-12 14:07:14,587] INFO     | level    | Hit! 0 Note Type: 1
[2024-01-12 14:07:14,718] INFO     | level    | Hit! 3 Note Type: 2
[2024-01-12 14:07:15,050] INFO     | level    | Hit! 2 Note Type: 1
[2024-01-12 14:07:15,284] INFO     | level    | Hit! 4 Note Type: 2
[2024-01-12 14:07:15,750] INFO     | level    | Hit! 1 Note Type: 2
[2024-01-12 14:07:16,099] INFO     | level    | Hit! 4 Note Type: 6
[2024-01-12 14:07:16,443] INFO     | level    | Hit! 1 Note Type: 1
[2024-01-12 14:07:16,576] INFO     | level    | Hit! 1 Note Type: 2
[2024-01-12 14:07:16,836] INFO     | level    | Hit! 0 Note Type: 1
[2024-01-12 14:07:16,899] INFO     | level    | Hit! 0 Note Type: 6
[2024-01-12 14:07:17,250] INFO     | level    | Hit! 3 Note Type: 2
[2024-01-12 14:07:17,531] INFO     | level    | Hit! 0 Note Type: 2
[2024-01-12 14:07:17,716] INFO     | level    | Hit! 3 Note Type: 2
[2024-01-12 14:07:17,937] INFO     | level    | Hit! 3 Note Type: 6
[2024-01-12 14:07:18,282] INFO     | level    | Hit! 3 Note Type: 1
[2024-01-12 14:07:18,447] INFO     | level    | Hit! 4 Note Type: 2
[2024-01-12 14:07:18,674] INFO     | level    | Hit! 2 Note Type: 1
[2024-01-12 14:07:19,103] INFO     | level    | Hit! 1 Note Type: 2
[2024-01-12 14:07:19,349] INFO     | level    | Hit! 1 Note Type: 2
[2024-01-12 14:07:19,715] INFO     | level    | Hit! 2 Note Type: 6
[2024-01-12 14:07:20,048] INFO     | level    | Hit! 1 Note Type: 2
[2024-01-12 14:07:20,248] INFO     | level    | Hit! 4 Note Type: 1
[2024-01-12 14:07:20,411] INFO     | level    | Hit! 4 Note Type: 2
[2024-01-12 14:07:20,741] INFO     | level    | Hit! 2 Note Type: 5
[2024-01-12 14:07:21,090] INFO     | level    | Hit! 1 Note Type: 1
[2024-01-12 14:07:21,222] INFO     | level    | Hit! 3 Note Type: 1
[2024-01-12 14:07:21,436] INFO     | level    | Hit! 3 Note Type: 1
[2024-01-12 14:07:21,585] INFO     | level    | Hit! 1 Note Type: 1
[2024-01-12 14:07:21,668] INFO     | level    | Hit! 4 Note Type: 6
[2024-01-12 14:07:21,984] INFO     | level    | Hit! 2 Note Type: 1
[2024-01-12 14:07:22,132] INFO     | level    | Hit! 3 Note Type: 2
[2024-01-12 14:07:22,446] INFO     | level    | Hit! 1 Note Type: 2
[2024-01-12 14:07:22,815] INFO     | level    | Hit! 4 Note Type: 2
[2024-01-12 14:07:23,015] INFO     | level    | Hit! 3 Note Type: 2
[2024-01-12 14:07:23,283] INFO     | level    | Hit! 2 Note Type: 1
[2024-01-12 14:07:23,434] INFO     | level    | Hit! 2 Note Type: 1
[2024-01-12 14:07:23,564] INFO     | level    | Hit! 0 Note Type: 6
[2024-01-12 14:07:23,764] INFO     | level    | Hit! 0 Note Type: 2
[2024-01-12 14:07:24,000] INFO     | level    | Hit! 3 Note Type: 1
[2024-01-12 14:07:24,064] INFO     | level    | Hit! 3 Note Type: 2
[2024-01-12 14:07:24,356] INFO     | level    | Hit! 0 Note Type: 2
[2024-01-12 14:07:24,654] INFO     | level    | Hit! 1 Note Type: 1
[2024-01-12 14:07:24,919] INFO     | level    | Hit! 4 Note Type: 2
[2024-01-12 14:07:25,115] INFO     | level    | Hit! 2 Note Type: 2
[2024-01-12 14:07:25,329] INFO     | level    | Hit! 0 Note Type: 6
[2024-01-12 14:07:25,563] INFO     | level    | Hit! 4 Note Type: 1
[2024-01-12 14:07:25,711] INFO     | level    | Hit! 4 Note Type: 2
[2024-01-12 14:07:26,091] INFO     | level    | Hit! 4 Note Type: 2
[2024-01-12 14:07:26,357] INFO     | level    | Hit! 4 Note Type: 2
[2024-01-12 14:07:26,737] INFO     | level    | Hit! 1 Note Type: 2
[2024-01-12 14:07:26,940] INFO     | level    | Hit! 4 Note Type: 1
[2024-01-12 14:07:27,100] INFO     | level    | Hit! 4 Note Type: 6
[2024-01-12 14:07:27,433] INFO     | level    | Hit! 4 Note Type: 2
[2024-01-12 14:07:27,703] INFO     | level    | Hit! 4 Note Type: 2
[2024-01-12 14:07:28,014] INFO     | level    | Hit! 1 Note Type: 2
[2024-01-12 14:07:28,791] INFO     | level    | Hit! 4 Note Type: 2
[2024-01-12 14:07:29,042] INFO     | level    | Hit! 4 Note Type: 6
[2024-01-12 14:07:29,357] INFO     | level    | Hit! 0 Note Type: 1
[2024-01-12 14:07:29,732] INFO     | level    | Hit! 0 Note Type: 1
[2024-01-12 14:07:29,916] INFO     | level    | Hit! 0 Note Type: 2
[2024-01-12 14:07:30,165] INFO     | level    | Hit! 1 Note Type: 2
[2024-01-12 14:07:30,431] INFO     | level    | Hit! 1 Note Type: 2
[2024-01-12 14:07:30,660] INFO     | level    | Hit! 1 Note Type: 1
[2024-01-12 14:07:30,757] INFO     | level    | Hit! 1 Note Type: 1
[2024-01-12 14:07:30,923] INFO     | level    | Hit! 4 Note Type: 6
[2024-01-12 14:07:31,123] INFO     | level    | Hit! 1 Note Type: 2
[2024-01-12 14:07:31,387] INFO     | level    | Hit! 1 Note Type: 2
[2024-01-12 14:07:31,619] INFO     | level    | Hit! 1 Note Type: 1
[2024-01-12 14:07:31,667] INFO     | level    | Hit! 1 Note Type: 2
[2024-01-12 14:07:32,082] INFO     | level    | Hit! 0 Note Type: 2
[2024-01-12 14:07:32,281] INFO     | level    | Hit! 1 Note Type: 2
[2024-01-12 14:07:32,517] INFO     | level    | Hit! 1 Note Type: 1
[2024-01-12 14:07:32,597] INFO     | level    | Hit! 1 Note Type: 1
[2024-01-12 14:07:32,783] INFO     | level    | Hit! 3 Note Type: 6
[2024-01-12 14:07:32,965] INFO     | level    | Hit! 0 Note Type: 2
[2024-01-12 14:07:33,213] INFO     | level    | Hit! 0 Note Type: 2
[2024-01-12 14:07:33,522] INFO     | level    | Hit! 3 Note Type: 2
[2024-01-12 14:07:33,901] INFO     | level    | Hit! 0 Note Type: 2
[2024-01-12 14:07:34,123] INFO     | level    | Hit! 4 Note Type: 1
[2024-01-12 14:07:34,576] INFO     | level    | Hit! 3 Note Type: 6
[2024-01-12 14:07:34,808] INFO     | level    | Hit! 4 Note Type: 2
[2024-01-12 14:07:35,023] INFO     | level    | Hit! 1 Note Type: 1
[2024-01-12 14:07:35,221] INFO     | level    | Hit! 0 Note Type: 2
[2024-01-12 14:07:35,719] INFO     | level    | Hit! 2 Note Type: 2
[2024-01-12 14:07:36,000] INFO     | level    | Hit! 0 Note Type: 1
[2024-01-12 14:07:36,049] INFO     | level    | Hit! 0 Note Type: 1
[2024-01-12 14:07:36,808] INFO     | level    | Hit! 2 Note Type: 1
[2024-01-12 14:07:37,090] INFO     | level    | Hit! 1 Note Type: 1
[2024-01-12 14:07:37,205] INFO     | level    | Hit! 2 Note Type: 2
[2024-01-12 14:07:37,840] INFO     | level    | Hit! 0 Note Type: 2
[2024-01-12 14:07:38,020] INFO     | level    | Hit! 4 Note Type: 2
[2024-01-12 14:07:38,252] INFO     | level    | Hit! 4 Note Type: 6
[2024-01-12 14:07:38,598] INFO     | level    | Hit! 4 Note Type: 1
[2024-01-12 14:07:38,780] INFO     | level    | Hit! 4 Note Type: 2
[2024-01-12 14:07:38,964] INFO     | level    | Hit! 2 Note Type: 1
[2024-01-12 14:07:39,468] INFO     | level    | Hit! 0 Note Type: 2
[2024-01-12 14:07:39,634] INFO     | level    | Hit! 4 Note Type: 2
[2024-01-12 14:07:39,868] INFO     | level    | Hit! 4 Note Type: 1
[2024-01-12 14:07:40,032] INFO     | level    | Hit! 4 Note Type: 1
[2024-01-12 14:07:40,146] INFO     | level    | Hit! 0 Note Type: 6
[2024-01-12 14:07:40,445] INFO     | level    | Hit! 2 Note Type: 2
[2024-01-12 14:07:40,874] INFO     | level    | Hit! 0 Note Type: 2
[2024-01-12 14:07:41,156] INFO     | level    | Hit! 1 Note Type: 2
[2024-01-12 14:07:41,473] INFO     | level    | Hit! 3 Note Type: 2
[2024-01-12 14:07:41,705] INFO     | level    | Hit! 4 Note Type: 1
[2024-01-12 14:07:41,823] INFO     | level    | Hit! 4 Note Type: 6
[2024-01-12 14:07:42,203] INFO     | level    | Hit! 3 Note Type: 2
[2024-01-12 14:07:42,435] INFO     | level    | Hit! 4 Note Type: 2
[2024-01-12 14:07:43,329] INFO     | level    | Hit! 0 Note Type: 2
[2024-01-12 14:07:43,561] INFO     | level    | Hit! 4 Note Type: 2
[2024-01-12 14:07:43,842] INFO     | level    | Hit! 1 Note Type: 6
[2024-01-12 14:07:44,140] INFO     | level    | Hit! 3 Note Type: 1
[2024-01-12 14:07:44,289] INFO     | level    | Hit! 3 Note Type: 2
[2024-01-12 14:07:44,524] INFO     | level    | Hit! 3 Note Type: 1
[2024-01-12 14:07:44,672] INFO     | level    | Hit! 1 Note Type: 2
[2024-01-12 14:07:44,939] INFO     | level    | Hit! 4 Note Type: 2
[2024-01-12 14:07:45,222] INFO     | level    | Hit! 0 Note Type: 2
[2024-01-12 14:07:45,405] INFO     | level    | Hit! 0 Note Type: 2
[2024-01-12 14:07:45,654] INFO     | level    | Hit! 4 Note Type: 6
[2024-01-12 14:07:45,871] INFO     | level    | Hit! 3 Note Type: 2
[2024-01-12 14:07:46,151] INFO     | level    | Hit! 0 Note Type: 2
[2024-01-12 14:07:46,418] INFO     | level    | Hit! 1 Note Type: 1
[2024-01-12 14:07:47,298] INFO     | level    | Hit! 1 Note Type: 1
[2024-01-12 14:07:47,362] INFO     | level    | Hit! 1 Note Type: 1
[2024-01-12 14:07:47,629] INFO     | level    | Hit! 4 Note Type: 2
[2024-01-12 14:07:48,281] INFO     | level    | Hit! 2 Note Type: 2
[2024-01-12 14:07:48,629] INFO     | level    | Hit! 3 Note Type: 2
[2024-01-12 14:07:48,865] INFO     | level    | Hit! 2 Note Type: 1
[2024-01-12 14:07:49,031] INFO     | level    | Hit! 2 Note Type: 2
[2024-01-12 14:07:49,332] INFO     | level    | Hit! 0 Note Type: 6
[2024-01-12 14:07:49,565] INFO     | level    | Hit! 0 Note Type: 2
[2024-01-12 14:07:49,797] INFO     | level    | Hit! 2 Note Type: 2
[2024-01-12 14:07:50,031] INFO     | level    | Hit! 3 Note Type: 1
[2024-01-12 14:07:50,181] INFO     | level    | Hit! 1 Note Type: 1
[2024-01-12 14:07:51,171] INFO     | level    | Hit! 1 Note Type: 5
[2024-01-12 14:07:51,338] INFO     | level    | Hit! 0 Note Type: 1
[2024-01-12 14:07:51,470] INFO     | level    | Hit! 4 Note Type: 2
[2024-01-12 14:07:51,751] INFO     | level    | Hit! 3 Note Type: 2
[2024-01-12 14:07:52,498] INFO     | level    | Hit! 4 Note Type: 2
[2024-01-12 14:07:52,731] INFO     | level    | Hit! 0 Note Type: 2
[2024-01-12 14:07:53,093] INFO     | level    | Hit! 0 Note Type: 5
[2024-01-12 14:07:53,226] INFO     | level    | Hit! 3 Note Type: 1
[2024-01-12 14:07:53,341] INFO     | level    | Hit! 2 Note Type: 2
[2024-01-12 14:07:53,588] INFO     | level    | Hit! 4 Note Type: 2
[2024-01-12 14:07:53,938] INFO     | level    | Hit! 4 Note Type: 2
[2024-01-12 14:07:54,319] INFO     | level    | Hit! 1 Note Type: 2
[2024-01-12 14:07:54,569] INFO     | level    | Hit! 3 Note Type: 2
[2024-01-12 14:07:54,815] INFO     | level    | Hit! 2 Note Type: 1
[2024-01-12 14:07:54,864] INFO     | level    | Hit! 2 Note Type: 6
[2024-01-12 14:07:55,459] INFO     | level    | Hit! 2 Note Type: 2
[2024-01-12 14:07:55,787] INFO     | level    | Hit! 3 Note Type: 2
[2024-01-12 14:07:56,136] INFO     | level    | Hit! 1 Note Type: 2
[2024-01-12 14:07:56,371] INFO     | level    | Hit! 4 Note Type: 2
[2024-01-12 14:07:56,588] INFO     | level    | Hit! 4 Note Type: 2
[2024-01-12 14:07:56,837] INFO     | level    | Hit! 0 Note Type: 5
[2024-01-12 14:07:57,019] INFO     | level    | Hit! 0 Note Type: 2
[2024-01-12 14:07:57,316] INFO     | level    | Hit! 3 Note Type: 2
[2024-01-12 14:07:57,633] INFO     | level    | Hit! 4 Note Type: 6
[2024-01-12 14:07:57,900] INFO     | level    | Hit! 2 Note Type: 1
[2024-01-12 14:07:58,051] INFO     | level    | Hit! 4 Note Type: 2
[2024-01-12 14:07:58,214] INFO     | level    | Hit! 1 Note Type: 1
[2024-01-12 14:07:58,347] INFO     | level    | Hit! 1 Note Type: 1
[2024-01-12 14:07:58,441] INFO     | level    | Hit! 1 Note Type: 1
[2024-01-12 14:07:58,674] INFO     | level    | Hit! 0 Note Type: 1
[2024-01-12 14:07:58,790] INFO     | level    | Hit! 1 Note Type: 2
[2024-01-12 14:07:59,137] INFO     | level    | Hit! 3 Note Type: 2
[2024-01-12 14:07:59,485] INFO     | level    | Hit! 4 Note Type: 2
[2024-01-12 14:07:59,869] INFO     | level    | Hit! 4 Note Type: 2
[2024-01-12 14:08:00,301] INFO     | level    | Hit! 2 Note Type: 1
[2024-01-12 14:08:00,397] INFO     | level    | Hit! 2 Note Type: 6
[2024-01-12 14:08:01,059] INFO     | level    | Hit! 1 Note Type: 2
[2024-01-12 14:08:01,371] INFO     | level    | Hit! 0 Note Type: 2
[2024-01-12 14:08:01,702] INFO     | level    | Hit! 1 Note Type: 2
[2024-01-12 14:08:02,167] INFO     | level    | Hit! 0 Note Type: 1
[2024-01-12 14:08:02,249] INFO     | level    | Hit! 0 Note Type: 6
[2024-01-12 14:08:02,501] INFO     | level    | Hit! 1 Note Type: 2
[2024-01-12 14:08:02,898] INFO     | level    | Hit! 0 Note Type: 2
[2024-01-12 14:08:03,197] INFO     | level    | Hit! 1 Note Type: 2
[2024-01-12 14:08:03,512] INFO     | level    | Hit! 1 Note Type: 2
[2024-01-12 14:08:03,792] INFO     | level    | Hit! 3 Note Type: 2
[2024-01-12 14:08:04,042] INFO     | level    | Hit! 0 Note Type: 1
[2024-01-12 14:08:04,159] INFO     | level    | Hit! 3 Note Type: 6
[2024-01-12 14:08:04,407] INFO     | level    | Hit! 4 Note Type: 2
[2024-01-12 14:08:04,717] INFO     | level    | Hit! 1 Note Type: 1
[2024-01-12 14:08:05,249] INFO     | level    | Hit! 0 Note Type: 1
[2024-01-12 14:08:05,365] INFO     | level    | Hit! 4 Note Type: 2
[2024-01-12 14:08:05,597] INFO     | level    | Hit! 3 Note Type: 1
[2024-01-12 14:08:05,765] INFO     | level    | Hit! 1 Note Type: 1
[2024-01-12 14:08:06,198] INFO     | level    | Hit! 4 Note Type: 1
[2024-01-12 14:08:06,542] INFO     | level    | Hit! 0 Note Type: 1
[2024-01-12 14:08:06,641] INFO     | level    | Hit! 0 Note Type: 2
[2024-01-12 14:08:06,890] INFO     | level    | Hit! 4 Note Type: 6
[2024-01-12 14:08:07,087] INFO     | level    | Hit! 3 Note Type: 1
[2024-01-12 14:08:07,220] INFO     | level    | Hit! 3 Note Type: 2
[2024-01-12 14:08:07,485] INFO     | level    | Hit! 1 Note Type: 2
[2024-01-12 14:08:07,719] INFO     | level    | Hit! 4 Note Type: 2
[2024-01-12 14:08:07,901] INFO     | level    | Hit! 3 Note Type: 5
[2024-01-12 14:08:08,315] INFO     | level    | Hit! 1 Note Type: 1
[2024-01-12 14:08:08,682] INFO     | level    | Hit! 2 Note Type: 1
[2024-01-12 14:08:08,783] INFO     | level    | Hit! 3 Note Type: 6
[2024-01-12 14:08:08,967] INFO     | level    | Hit! 4 Note Type: 1
[2024-01-12 14:08:09,117] INFO     | level    | Hit! 1 Note Type: 2
[2024-01-12 14:08:09,283] INFO     | level    | Hit! 3 Note Type: 2
[2024-01-12 14:08:09,550] INFO     | level    | Hit! 4 Note Type: 2
[2024-01-12 14:08:09,745] INFO     | level    | Hit! 3 Note Type: 5
[2024-01-12 14:08:09,931] INFO     | level    | Hit! 2 Note Type: 2
[2024-01-12 14:08:10,128] INFO     | level    | Hit! 2 Note Type: 1
[2024-01-12 14:08:10,293] INFO     | level    | Hit! 2 Note Type: 2
[2024-01-12 14:08:10,477] INFO     | level    | Hit! 4 Note Type: 1
[2024-01-12 14:08:10,562] INFO     | level    | Hit! 4 Note Type: 6
[2024-01-12 14:08:10,841] INFO     | level    | Hit! 1 Note Type: 1
[2024-01-12 14:08:11,189] INFO     | level    | Hit! 4 Note Type: 2
[2024-01-12 14:08:11,437] INFO     | level    | Hit! 1 Note Type: 6
[2024-01-12 14:08:11,605] INFO     | level    | Hit! 2 Note Type: 1
[2024-01-12 14:08:12,019] INFO     | level    | Hit! 1 Note Type: 2
[2024-01-12 14:08:12,201] INFO     | level    | Hit! 3 Note Type: 1
[2024-01-12 14:08:12,284] INFO     | level    | Hit! 3 Note Type: 1
[2024-01-12 14:08:12,678] INFO     | level    | Hit! 2 Note Type: 1
[2024-01-12 14:08:12,745] INFO     | level    | Hit! 2 Note Type: 2
[2024-01-12 14:08:13,241] INFO     | level    | Hit! 0 Note Type: 1
[2024-01-12 14:08:13,637] INFO     | level    | Hit! 1 Note Type: 1
[2024-01-12 14:08:13,967] INFO     | level    | Hit! 2 Note Type: 1
[2024-01-12 14:08:14,084] INFO     | level    | Hit! 4 Note Type: 2
[2024-01-12 14:08:14,331] INFO     | level    | Hit! 1 Note Type: 6
[2024-01-12 14:08:14,541] INFO     | level    | Hit! 1 Note Type: 1
[2024-01-12 14:08:14,590] INFO     | level    | Hit! 1 Note Type: 2
[2024-01-12 14:08:14,873] INFO     | level    | Hit! 2 Note Type: 2
[2024-01-12 14:08:15,071] INFO     | level    | Hit! 0 Note Type: 2
[2024-01-12 14:08:15,289] INFO     | level    | Hit! 1 Note Type: 5
[2024-01-12 14:08:15,422] INFO     | level    | Hit! 2 Note Type: 2
[2024-01-12 14:08:15,701] INFO     | level    | Hit! 1 Note Type: 1
[2024-01-12 14:08:15,816] INFO     | level    | Hit! 3 Note Type: 2
[2024-01-12 14:08:15,998] INFO     | level    | Hit! 4 Note Type: 1
[2024-01-12 14:08:16,760] INFO     | level    | Hit! 0 Note Type: 2
[2024-01-12 14:08:16,908] INFO     | level    | Hit! 1 Note Type: 2
[2024-01-12 14:08:17,140] INFO     | level    | Hit! 2 Note Type: 5
[2024-01-12 14:08:17,256] INFO     | level    | Hit! 0 Note Type: 2
[2024-01-12 14:08:17,487] INFO     | level    | Hit! 3 Note Type: 1
[2024-01-12 14:08:17,672] INFO     | level    | Hit! 0 Note Type: 2
[2024-01-12 14:08:17,822] INFO     | level    | Hit! 3 Note Type: 1
[2024-01-12 14:08:17,988] INFO     | level    | Hit! 3 Note Type: 6
[2024-01-12 14:08:18,170] INFO     | level    | Hit! 1 Note Type: 1
[2024-01-12 14:08:18,367] INFO     | level    | Hit! 1 Note Type: 2
[2024-01-12 14:08:18,567] INFO     | level    | Hit! 2 Note Type: 2
[2024-01-12 14:08:18,766] INFO     | level    | Hit! 1 Note Type: 2
[2024-01-12 14:08:18,998] INFO     | level    | Hit! 1 Note Type: 5
[2024-01-12 14:08:19,180] INFO     | level    | Hit! 1 Note Type: 2
[2024-01-12 14:08:19,381] INFO     | level    | Hit! 1 Note Type: 1
[2024-01-12 14:08:19,444] INFO     | level    | Hit! 1 Note Type: 2
[2024-01-12 14:08:19,759] INFO     | level    | Hit! 1 Note Type: 1
[2024-01-12 14:08:19,791] INFO     | level    | Hit! 1 Note Type: 6
[2024-01-12 14:08:20,023] INFO     | level    | Hit! 1 Note Type: 1
[2024-01-12 14:08:20,156] INFO     | level    | Hit! 1 Note Type: 2
[2024-01-12 14:08:20,371] INFO     | level    | Hit! 1 Note Type: 5
[2024-01-12 14:08:20,505] INFO     | level    | Hit! 2 Note Type: 1
[2024-01-12 14:08:20,637] INFO     | level    | Hit! 0 Note Type: 1
[2024-01-12 14:08:20,770] INFO     | level    | Hit! 1 Note Type: 6
[2024-01-12 14:08:21,068] INFO     | level    | Hit! 4 Note Type: 1
[2024-01-12 14:08:21,434] INFO     | level    | Hit! 4 Note Type: 1
[2024-01-12 14:08:21,583] INFO     | level    | Hit! 2 Note Type: 2
[2024-01-12 14:08:21,866] INFO     | level    | Hit! 4 Note Type: 2
[2024-01-12 14:08:22,131] INFO     | level    | Hit! 0 Note Type: 1
[2024-01-12 14:08:22,282] INFO     | level    | Hit! 4 Note Type: 1
[2024-01-12 14:08:22,381] INFO     | level    | Hit! 1 Note Type: 1
[2024-01-12 14:08:22,611] INFO     | level    | Hit! 4 Note Type: 6
[2024-01-12 14:08:22,908] INFO     | level    | Hit! 4 Note Type: 2
[2024-01-12 14:08:23,157] INFO     | level    | Hit! 3 Note Type: 2
[2024-01-12 14:08:23,406] INFO     | level    | Hit! 2 Note Type: 2
[2024-01-12 14:08:23,705] INFO     | level    | Hit! 3 Note Type: 2
[2024-01-12 14:08:23,988] INFO     | level    | Hit! 0 Note Type: 2
[2024-01-12 14:08:24,203] INFO     | level    | Hit! 4 Note Type: 1
[2024-01-12 14:08:24,433] INFO     | level    | Hit! 2 Note Type: 6
[2024-01-12 14:08:24,782] INFO     | level    | Hit! 2 Note Type: 1
[2024-01-12 14:08:25,092] INFO     | level    | Hit! 3 Note Type: 1
[2024-01-12 14:08:25,257] INFO     | level    | Hit! 2 Note Type: 2
[2024-01-12 14:08:25,584] INFO     | level    | Hit! 2 Note Type: 2
[2024-01-12 14:08:25,865] INFO     | level    | Hit! 1 Note Type: 2
[2024-01-12 14:08:26,099] INFO     | level    | Hit! 2 Note Type: 1
[2024-01-12 14:08:26,315] INFO     | level    | Hit! 0 Note Type: 6
[2024-01-12 14:08:26,593] INFO     | level    | Hit! 3 Note Type: 1
[2024-01-12 14:08:27,010] INFO     | level    | Hit! 2 Note Type: 1
[2024-01-12 14:08:27,439] INFO     | level    | Hit! 4 Note Type: 2
[2024-01-12 14:08:27,688] INFO     | level    | Hit! 1 Note Type: 2
[2024-01-12 14:08:28,087] INFO     | level    | Hit! 1 Note Type: 6
[2024-01-12 14:08:28,435] INFO     | level    | Hit! 2 Note Type: 1
[2024-01-12 14:08:28,584] INFO     | level    | Hit! 1 Note Type: 2
[2024-01-12 14:08:28,900] INFO     | level    | Hit! 3 Note Type: 1
[2024-01-12 14:08:29,134] INFO     | level    | Hit! 4 Note Type: 2
[2024-01-12 14:08:29,619] INFO     | level    | Hit! 4 Note Type: 2
[2024-01-12 14:08:29,934] INFO     | level    | Hit! 4 Note Type: 6
[2024-01-12 14:08:30,283] INFO     | level    | Hit! 2 Note Type: 1
[2024-01-12 14:08:30,399] INFO     | level    | Hit! 4 Note Type: 2
[2024-01-12 14:08:30,698] INFO     | level    | Hit! 0 Note Type: 1
[2024-01-12 14:08:31,115] INFO     | level    | Hit! 3 Note Type: 2
[2024-01-12 14:08:31,361] INFO     | level    | Hit! 1 Note Type: 2
[2024-01-12 14:08:31,579] INFO     | level    | Hit! 3 Note Type: 2
[2024-01-12 14:08:31,830] INFO     | level    | Hit! 1 Note Type: 6
[2024-01-12 14:08:32,143] INFO     | level    | Hit! 2 Note Type: 1
[2024-01-12 14:08:32,307] INFO     | level    | Hit! 0 Note Type: 2
[2024-01-12 14:08:32,537] INFO     | level    | Hit! 3 Note Type: 1
[2024-01-12 14:08:32,636] INFO     | level    | Hit! 2 Note Type: 2
[2024-01-12 14:08:32,968] INFO     | level    | Hit! 3 Note Type: 2
[2024-01-12 14:08:33,233] INFO     | level    | Hit! 0 Note Type: 2
[2024-01-12 14:08:33,518] INFO     | level    | Hit! 3 Note Type: 6
[2024-01-12 14:08:33,884] INFO     | level    | Hit! 0 Note Type: 2
[2024-01-12 14:08:34,135] INFO     | level    | Hit! 4 Note Type: 1
[2024-01-12 14:08:34,301] INFO     | level    | Hit! 2 Note Type: 2
[2024-01-12 14:08:34,586] INFO     | level    | Hit! 4 Note Type: 5
[2024-01-12 14:08:34,935] INFO     | level    | Hit! 3 Note Type: 5
[2024-01-12 14:08:35,300] INFO     | level    | Hit! 1 Note Type: 5
[2024-01-12 14:08:35,403] INFO     | level    | Hit! 3 Note Type: 1
[2024-01-12 14:08:35,486] INFO     | level    | Hit! 3 Note Type: 6
[2024-01-12 14:08:35,787] INFO     | level    | Hit! 1 Note Type: 2
[2024-01-12 14:08:36,005] INFO     | level    | Hit! 1 Note Type: 2
[2024-01-12 14:08:36,366] INFO     | level    | Hit! 0 Note Type: 2
[2024-01-12 14:08:36,715] INFO     | level    | Hit! 4 Note Type: 2
[2024-01-12 14:08:36,929] INFO     | level    | Hit! 4 Note Type: 2
[2024-01-12 14:08:37,109] INFO     | level    | Hit! 3 Note Type: 1
[2024-01-12 14:08:37,258] INFO     | level    | Hit! 1 Note Type: 1
[2024-01-12 14:08:37,324] INFO     | level    | Hit! 1 Note Type: 6
[2024-01-12 14:08:37,578] INFO     | level    | Hit! 4 Note Type: 2
[2024-01-12 14:08:37,864] INFO     | level    | Hit! 0 Note Type: 1
[2024-01-12 14:08:37,911] INFO     | level    | Hit! 0 Note Type: 2
[2024-01-12 14:08:38,473] INFO     | level    | Hit! 3 Note Type: 1
[2024-01-12 14:08:38,653] INFO     | level    | Hit! 3 Note Type: 1
[2024-01-12 14:08:38,767] INFO     | level    | Hit! 0 Note Type: 2
[2024-01-12 14:08:38,985] INFO     | level    | Hit! 2 Note Type: 2
[2024-01-12 14:08:39,202] INFO     | level    | Hit! 0 Note Type: 6
[2024-01-12 14:08:39,584] INFO     | level    | Hit! 4 Note Type: 2
[2024-01-12 14:08:40,265] INFO     | level    | Hit! 0 Note Type: 2
[2024-01-12 14:08:40,548] INFO     | level    | Hit! 3 Note Type: 2
[2024-01-12 14:08:40,781] INFO     | level    | Hit! 3 Note Type: 1
[2024-01-12 14:08:40,948] INFO     | level    | Hit! 1 Note Type: 6
[2024-01-12 14:08:41,281] INFO     | level    | Hit! 0 Note Type: 2
[2024-01-12 14:08:41,873] INFO     | level    | Hit! 0 Note Type: 6
[2024-01-12 14:08:42,172] INFO     | level    | Hit! 2 Note Type: 2
[2024-01-12 14:08:42,437] INFO     | level    | Hit! 0 Note Type: 2
[2024-01-12 14:08:42,635] INFO     | level    | Hit! 3 Note Type: 2
[2024-01-12 14:08:42,902] INFO     | level    | Hit! 3 Note Type: 6
[2024-01-12 14:08:43,135] INFO     | level    | Hit! 2 Note Type: 2
[2024-01-12 14:08:43,368] INFO     | level    | Hit! 4 Note Type: 2
[2024-01-12 14:08:43,731] INFO     | level    | Hit! 2 Note Type: 2
[2024-01-12 14:08:44,014] INFO     | level    | Hit! 0 Note Type: 2
[2024-01-12 14:08:44,265] INFO     | level    | Hit! 2 Note Type: 2
[2024-01-12 14:08:44,517] INFO     | level    | Hit! 4 Note Type: 1
[2024-01-12 14:08:44,636] INFO     | level    | Hit! 1 Note Type: 1
[2024-01-12 14:08:44,737] INFO     | level    | Hit! 3 Note Type: 6
[2024-01-12 14:08:44,936] INFO     | level    | Hit! 1 Note Type: 2
[2024-01-12 14:08:45,168] INFO     | level    | Hit! 3 Note Type: 2
[2024-01-12 14:08:45,516] INFO     | level    | Hit! 2 Note Type: 2
[2024-01-12 14:08:45,876] INFO     | level    | Hit! 2 Note Type: 2
[2024-01-12 14:08:46,092] INFO     | level    | Hit! 3 Note Type: 2
[2024-01-12 14:08:46,319] INFO     | level    | Hit! 3 Note Type: 1
[2024-01-12 14:08:46,469] INFO     | level    | Hit! 3 Note Type: 1
[2024-01-12 14:08:46,620] INFO     | level    | Hit! 4 Note Type: 6
[2024-01-12 14:08:46,786] INFO     | level    | Hit! 2 Note Type: 2
[2024-01-12 14:08:47,099] INFO     | level    | Hit! 4 Note Type: 2
[2024-01-12 14:08:47,415] INFO     | level    | Hit! 4 Note Type: 2
[2024-01-12 14:08:47,713] INFO     | level    | Hit! 4 Note Type: 2
[2024-01-12 14:08:47,947] INFO     | level    | Hit! 1 Note Type: 1
[2024-01-12 14:08:48,111] INFO     | level    | Hit! 4 Note Type: 2
[2024-01-12 14:08:48,395] INFO     | level    | Hit! 1 Note Type: 6
[2024-01-12 14:08:48,695] INFO     | level    | Hit! 1 Note Type: 2
[2024-01-12 14:08:48,911] INFO     | level    | Hit! 1 Note Type: 2
[2024-01-12 14:08:49,209] INFO     | level    | Hit! 1 Note Type: 2
[2024-01-12 14:08:49,592] INFO     | level    | Hit! 3 Note Type: 2
[2024-01-12 14:08:49,793] INFO     | level    | Hit! 3 Note Type: 2
[2024-01-12 14:08:50,042] INFO     | level    | Hit! 1 Note Type: 1
[2024-01-12 14:08:50,190] INFO     | level    | Hit! 1 Note Type: 1
[2024-01-12 14:08:50,289] INFO     | level    | Hit! 2 Note Type: 6
[2024-01-12 14:08:50,569] INFO     | level    | Hit! 0 Note Type: 2
[2024-01-12 14:08:50,754] INFO     | level    | Hit! 2 Note Type: 2
[2024-01-12 14:08:51,102] INFO     | level    | Hit! 3 Note Type: 2
[2024-01-12 14:08:51,401] INFO     | level    | Hit! 2 Note Type: 2
[2024-01-12 14:08:51,695] INFO     | level    | Hit! 1 Note Type: 2
[2024-01-12 14:08:51,878] INFO     | level    | Hit! 1 Note Type: 1
[2024-01-12 14:08:52,044] INFO     | level    | Hit! 1 Note Type: 1
[2024-01-12 14:08:52,127] INFO     | level    | Hit! 3 Note Type: 6
[2024-01-12 14:08:52,340] INFO     | level    | Hit! 4 Note Type: 2
[2024-01-12 14:08:52,906] INFO     | level    | Hit! 1 Note Type: 2
[2024-01-12 14:08:53,273] INFO     | level    | Hit! 4 Note Type: 2
[2024-01-12 14:08:53,493] INFO     | level    | Hit! 2 Note Type: 2
[2024-01-12 14:08:53,709] INFO     | level    | Hit! 1 Note Type: 1
[2024-01-12 14:08:53,890] INFO     | level    | Hit! 1 Note Type: 1
[2024-01-12 14:08:54,192] INFO     | level    | Hit! 4 Note Type: 1
[2024-01-12 14:08:54,372] INFO     | level    | Hit! 4 Note Type: 2
[2024-01-12 14:08:54,638] INFO     | level    | Hit! 1 Note Type: 2
[2024-01-12 14:08:54,990] INFO     | level    | Hit! 2 Note Type: 2
[2024-01-12 14:08:55,336] INFO     | level    | Hit! 1 Note Type: 2
[2024-01-12 14:08:55,634] INFO     | level    | Hit! 0 Note Type: 1
[2024-01-12 14:08:55,719] INFO     | level    | Hit! 2 Note Type: 6
[2024-01-12 14:08:56,019] INFO     | level    | Hit! 0 Note Type: 2
[2024-01-12 14:08:56,252] INFO     | level    | Hit! 0 Note Type: 2
[2024-01-12 14:08:56,599] INFO     | level    | Hit! 2 Note Type: 2
[2024-01-12 14:08:56,949] INFO     | level    | Hit! 1 Note Type: 2
[2024-01-12 14:08:57,199] INFO     | level    | Hit! 4 Note Type: 2
[2024-01-12 14:08:57,447] INFO     | level    | Hit! 1 Note Type: 2
[2024-01-12 14:08:57,698] INFO     | level    | Hit! 1 Note Type: 6
[2024-01-12 14:08:57,911] INFO     | level    | Hit! 3 Note Type: 2
[2024-01-12 14:08:58,123] INFO     | level    | Hit! 2 Note Type: 2
[2024-01-12 14:08:58,387] INFO     | level    | Hit! 1 Note Type: 1
[2024-01-12 14:08:58,437] INFO     | level    | Hit! 1 Note Type: 2
[2024-01-12 14:08:59,053] INFO     | level    | Hit! 3 Note Type: 2
[2024-01-12 14:08:59,254] INFO     | level    | Hit! 1 Note Type: 2
[2024-01-12 14:08:59,504] INFO     | level    | Hit! 2 Note Type: 6
[2024-01-12 14:08:59,705] INFO     | level    | Hit! 0 Note Type: 2
[2024-01-12 14:08:59,933] INFO     | level    | Hit! 1 Note Type: 2
[2024-01-12 14:09:00,215] INFO     | level    | Hit! 3 Note Type: 1
[2024-01-12 14:09:00,328] INFO     | level    | Hit! 1 Note Type: 2
[2024-01-12 14:09:00,694] INFO     | level    | Hit! 4 Note Type: 2
[2024-01-12 14:09:00,878] INFO     | level    | Hit! 3 Note Type: 2
[2024-01-12 14:09:01,108] INFO     | level    | Hit! 4 Note Type: 1
[2024-01-12 14:09:01,275] INFO     | level    | Hit! 4 Note Type: 1
[2024-01-12 14:09:01,389] INFO     | level    | Hit! 0 Note Type: 5
[2024-01-12 14:09:01,473] INFO     | level    | Hit! 1 Note Type: 2
[2024-01-12 14:09:01,792] INFO     | level    | Hit! 4 Note Type: 2
[2024-01-12 14:09:02,138] INFO     | level    | Hit! 2 Note Type: 2
[2024-01-12 14:09:02,485] INFO     | level    | Hit! 4 Note Type: 2
[2024-01-12 14:09:02,798] INFO     | level    | Hit! 1 Note Type: 1
[2024-01-12 14:09:03,178] INFO     | level    | Hit! 1 Note Type: 6
[2024-01-12 14:09:03,411] INFO     | level    | Hit! 0 Note Type: 2
[2024-01-12 14:09:03,640] INFO     | level    | Hit! 1 Note Type: 2
[2024-01-12 14:09:03,924] INFO     | level    | Hit! 3 Note Type: 1
[2024-01-12 14:09:04,024] INFO     | level    | Hit! 4 Note Type: 1
[2024-01-12 14:09:05,086] INFO     | level    | Hit! 2 Note Type: 6
[2024-01-12 14:09:05,760] INFO     | level    | Hit! 0 Note Type: 2
[2024-01-12 14:09:06,089] INFO     | level    | Hit! 1 Note Type: 2
[2024-01-12 14:09:06,405] INFO     | level    | Hit! 1 Note Type: 2
[2024-01-12 14:09:06,670] INFO     | level    | Hit! 4 Note Type: 2
[2024-01-12 14:09:06,865] INFO     | level    | Hit! 3 Note Type: 6
[2024-01-12 14:09:07,095] INFO     | level    | Hit! 4 Note Type: 2
[2024-01-12 14:09:07,394] INFO     | level    | Hit! 0 Note Type: 2
[2024-01-12 14:09:07,856] INFO     | level    | Hit! 3 Note Type: 6
[2024-01-12 14:09:08,035] INFO     | level    | Hit! 4 Note Type: 2
[2024-01-12 14:09:08,282] INFO     | level    | Hit! 2 Note Type: 2
[2024-01-12 14:09:08,515] INFO     | level    | Hit! 3 Note Type: 2
[2024-01-12 14:09:08,748] INFO     | level    | Hit! 1 Note Type: 6
[2024-01-12 14:09:09,176] INFO     | level    | Hit! 1 Note Type: 2
[2024-01-12 14:09:09,639] INFO     | level    | Hit! 3 Note Type: 5
[2024-01-12 14:09:09,738] INFO     | level    | Hit! 0 Note Type: 1
[2024-01-12 14:09:09,805] INFO     | level    | Hit! 3 Note Type: 1
[2024-01-12 14:09:09,936] INFO     | level    | Hit! 1 Note Type: 2
[2024-01-12 14:09:10,087] INFO     | level    | Hit! 4 Note Type: 5
[2024-01-12 14:09:10,171] INFO     | level    | Hit! 3 Note Type: 1
[2024-01-12 14:09:10,252] INFO     | level    | Hit! 3 Note Type: 1
[2024-01-12 14:09:10,334] INFO     | level    | Hit! 3 Note Type: 2
[2024-01-12 14:09:10,570] INFO     | level    | Hit! 1 Note Type: 5
[2024-01-12 14:09:10,687] INFO     | level    | Hit! 4 Note Type: 1
[2024-01-12 14:09:10,702] INFO     | level    | Hit! 1 Note Type: 1
[2024-01-12 14:09:10,804] INFO     | level    | Hit! 3 Note Type: 2
[2024-01-12 14:09:11,089] INFO     | level    | Hit! 1 Note Type: 1
[2024-01-12 14:09:11,256] INFO     | level    | Hit! 1 Note Type: 2
[2024-01-12 14:09:11,256] INFO     | level    | Hit! 1 Note Type: 1
[2024-01-12 14:09:11,472] INFO     | level    | Hit! 0 Note Type: 6
[2024-01-12 14:09:12,058] INFO     | level    | Hit! 2 Note Type: 1
[2024-01-12 14:09:12,403] INFO     | level    | Hit! 1 Note Type: 6
[2024-01-12 14:09:12,866] INFO     | level    | Hit! 3 Note Type: 2
[2024-01-12 14:09:13,328] INFO     | level    | Hit! 4 Note Type: 2
[2024-01-12 14:09:13,807] INFO     | level    | Hit! 1 Note Type: 2
[2024-01-12 14:09:14,128] INFO     | level    | Hit! 1 Note Type: 1
[2024-01-12 14:09:14,242] INFO     | level    | Hit! 2 Note Type: 6
[2024-01-12 14:09:14,706] INFO     | level    | Hit! 0 Note Type: 2
[2024-01-12 14:09:15,176] INFO     | level    | Hit! 1 Note Type: 2
[2024-01-12 14:09:16,057] INFO     | level    | Hit! 0 Note Type: 1
[2024-01-12 14:09:16,091] INFO     | level    | Hit! 0 Note Type: 6
[2024-01-12 14:09:16,553] INFO     | level    | Hit! 3 Note Type: 2
[2024-01-12 14:09:17,016] INFO     | level    | Hit! 2 Note Type: 2
[2024-01-12 14:09:17,473] INFO     | level    | Hit! 0 Note Type: 2
[2024-01-12 14:09:17,825] INFO     | level    | Hit! 1 Note Type: 1
[2024-01-12 14:09:17,941] INFO     | level    | Hit! 2 Note Type: 5
[2024-01-12 14:09:18,222] INFO     | level    | Hit! 0 Note Type: 2
[2024-01-12 14:09:18,522] INFO     | level    | Hit! 2 Note Type: 2
[2024-01-12 14:09:18,885] INFO     | level    | Hit! 2 Note Type: 6
[2024-01-12 14:09:19,101] INFO     | level    | Hit! 3 Note Type: 1
[2024-01-12 14:09:19,282] INFO     | level    | Hit! 3 Note Type: 2
[2024-01-12 14:09:19,482] INFO     | level    | Hit! 3 Note Type: 1
[2024-01-12 14:09:19,662] INFO     | level    | Hit! 4 Note Type: 1
[2024-01-12 14:09:19,861] INFO     | level    | Hit! 1 Note Type: 6
